  개념.cpp
c:\program files (x86)\microsoft visual studio\2017\community\vc\tools\msvc\14.16.27023\include\xutility(2903): warning C4244: '=': 'const _Ty'에서 '_Ty'(으)로 변환하면서 데이터가 손실될 수 있습니다.
          with
          [
              _Ty=double
          ]
          and
          [
              _Ty=int
          ]
  c:\program files (x86)\microsoft visual studio\2017\community\vc\tools\msvc\14.16.27023\include\xutility(2917): note: 컴파일 중인 함수 템플릿 인스턴스화 'void std::_Fill_unchecked1<_FwdIt,_Ty>(_FwdIt,_FwdIt,const _Ty &,std::false_type)'에 대한 참조를 확인하십시오.
          with
          [
              _FwdIt=int *,
              _Ty=double
          ]
  c:\program files (x86)\microsoft visual studio\2017\community\vc\tools\msvc\14.16.27023\include\xutility(2925): note: 컴파일 중인 함수 템플릿 인스턴스화 'void std::_Fill_unchecked<_Ty*,double>(_FwdIt,_FwdIt,const double &)'에 대한 참조를 확인하십시오.
          with
          [
              _Ty=int,
              _FwdIt=int *
          ]
  d:\baekjoon\solve\solve\개념.cpp(16): note: 컴파일 중인 함수 템플릿 인스턴스화 'void std::fill<int*,double>(_FwdIt,_FwdIt,const _Ty &)'에 대한 참조를 확인하십시오.
          with
          [
              _FwdIt=int *,
              _Ty=double
          ]
  Solve.vcxproj -> D:\Baekjoon\Solve\Debug\Solve.exe
