d:\visual programs\baekjoon\baekjoon\baekjoon\debug\vc141.pdb
d:\visual programs\baekjoon\baekjoon\baekjoon\debug\vc141.idb
d:\visual programs\baekjoon\baekjoon\baekjoon\debug\9372(상근이의 여행).obj
d:\visual programs\baekjoon\baekjoon\baekjoon\debug\4276(0이 몇 개).obj
d:\visual programs\baekjoon\baekjoon\baekjoon\debug\2628(종이 자르기).obj
d:\visual programs\baekjoon\baekjoon\baekjoon\debug\2635(수 이어가기).obj
d:\visual programs\baekjoon\baekjoon\baekjoon\debug\2637(장난감 조립).obj
d:\visual programs\baekjoon\baekjoon\baekjoon\debug\2467(용액) - 2010 초등부 1번.obj
d:\visual programs\baekjoon\baekjoon\baekjoon\debug\2638(치즈) - 2000 중등부 2번.obj
d:\visual programs\baekjoon\baekjoon\baekjoon\debug\2468(안전 영역) - 2010 정올 초등부 2번.obj
d:\visual programs\baekjoon\baekjoon\baekjoon\debug\2624(동전 바꿔주기).obj
d:\visual programs\baekjoon\baekjoon\baekjoon\debug\2667(단지번호붙이기) - 1996 초등부 1번.obj
d:\visual programs\baekjoon\baekjoon\baekjoon\debug\1012(유기농 배추).obj
d:\visual programs\baekjoon\baekjoon\baekjoon\debug\10026(적록색약2).obj
d:\visual programs\baekjoon\baekjoon\baekjoon\debug\2583(영역 구하기).obj
d:\visual programs\baekjoon\baekjoon\baekjoon\debug\4963(섬의 개수).obj
d:\visual programs\baekjoon\baekjoon\baekjoon\debug\1987(알파벳).obj
d:\visual programs\baekjoon\baekjoon\baekjoon\debug\2573(빙산).obj
d:\visual programs\baekjoon\baekjoon\baekjoon\debug\15971(두 로봇2).obj
d:\visual programs\baekjoon\baekjoon\baekjoon\debug\13303(장애물 경기).obj
d:\visual programs\baekjoon\baekjoon\baekjoon\debug\14502(연구소).obj
d:\visual programs\baekjoon\baekjoon\debug\baekjoon.exe
d:\visual programs\baekjoon\baekjoon\debug\baekjoon.ilk
d:\visual programs\baekjoon\baekjoon\debug\baekjoon.pdb
d:\visual programs\baekjoon\baekjoon\baekjoon\debug\1019(책 페이지).obj
d:\visual programs\baekjoon\baekjoon\baekjoon\debug\1110(더하기 사이클).obj
d:\visual programs\baekjoon\baekjoon\baekjoon\debug\1111(iq test).obj
d:\visual programs\baekjoon\baekjoon\baekjoon\debug\1145(적어도 대부분의 배수).obj
d:\visual programs\baekjoon\baekjoon\baekjoon\debug\11721(열 개씩 끊어 출력하기).obj
d:\visual programs\baekjoon\baekjoon\baekjoon\debug\11726(2xn 타일링).obj
d:\visual programs\baekjoon\baekjoon\baekjoon\debug\11727(2xn 타일링2).obj
d:\visual programs\baekjoon\baekjoon\baekjoon\debug\11778(피보나치 수의 최대공약수).obj
d:\visual programs\baekjoon\baekjoon\baekjoon\debug\1448(삼각형 만들기).obj
d:\visual programs\baekjoon\baekjoon\baekjoon\debug\1463(1로 만들기).obj
d:\visual programs\baekjoon\baekjoon\baekjoon\debug\14863(서울에서 경산까지) - 정보올림피아드3번.obj
d:\visual programs\baekjoon\baekjoon\baekjoon\debug\148964(줄서기) - 34회 초등부 올림피아드 전국대회 4번.obj
d:\visual programs\baekjoon\baekjoon\baekjoon\debug\1563(개근상).obj
d:\visual programs\baekjoon\baekjoon\baekjoon\debug\1629(곱셈).obj
d:\visual programs\baekjoon\baekjoon\baekjoon\debug\17610(양파러울).obj
d:\visual programs\baekjoon\baekjoon\baekjoon\debug\18033(사과).obj
d:\visual programs\baekjoon\baekjoon\baekjoon\debug\1914(하노이탑).obj
d:\visual programs\baekjoon\baekjoon\baekjoon\debug\1932(정수 삼각형).obj
d:\visual programs\baekjoon\baekjoon\baekjoon\debug\1978(소수찾기).obj
d:\visual programs\baekjoon\baekjoon\baekjoon\debug\2017 정보올림피아드(2번).obj
d:\visual programs\baekjoon\baekjoon\baekjoon\debug\2153(소수단어).obj
d:\visual programs\baekjoon\baekjoon\baekjoon\debug\2163(초콜릿 만들기).obj
d:\visual programs\baekjoon\baekjoon\baekjoon\debug\2193(이친수).obj
d:\visual programs\baekjoon\baekjoon\baekjoon\debug\2293(동전1).obj
d:\visual programs\baekjoon\baekjoon\baekjoon\debug\2846(오르막길).obj
d:\visual programs\baekjoon\baekjoon\baekjoon\debug\2920(음계).obj
d:\visual programs\baekjoon\baekjoon\baekjoon\debug\2953(나는 요리사다).obj
d:\visual programs\baekjoon\baekjoon\baekjoon\debug\3052(나머지).obj
d:\visual programs\baekjoon\baekjoon\baekjoon\debug\3079(상근이의 체스판).obj
d:\visual programs\baekjoon\baekjoon\baekjoon\debug\3474(교수가 된 현우 - 개정판).obj
d:\visual programs\baekjoon\baekjoon\baekjoon\debug\5557(1학년).obj
d:\visual programs\baekjoon\baekjoon\baekjoon\debug\9095(1,2,3 더하기).obj
d:\visual programs\baekjoon\baekjoon\baekjoon\debug\보행자 천국(2017 카카오 코드 페스티벌 예선 2번).obj
d:\visual programs\baekjoon\baekjoon\baekjoon\debug\이친수.obj
d:\visual programs\baekjoon\baekjoon\baekjoon\debug\2637(장난감 조립).obj.enc
d:\visual programs\baekjoon\baekjoon\baekjoon\debug\3052(나머지).obj.enc
d:\visual programs\baekjoon\baekjoon\baekjoon\debug\4276(0이 몇 개).obj.enc
d:\visual programs\baekjoon\baekjoon\baekjoon\debug\baekjoon.tlog\cl.command.1.tlog
d:\visual programs\baekjoon\baekjoon\baekjoon\debug\baekjoon.tlog\cl.read.1.tlog
d:\visual programs\baekjoon\baekjoon\baekjoon\debug\baekjoon.tlog\cl.write.1.tlog
d:\visual programs\baekjoon\baekjoon\baekjoon\debug\baekjoon.tlog\link.command.1.tlog
d:\visual programs\baekjoon\baekjoon\baekjoon\debug\baekjoon.tlog\link.read.1.tlog
d:\visual programs\baekjoon\baekjoon\baekjoon\debug\baekjoon.tlog\link.write.1.tlog
